<?xml version="1.0" encoding="UTF-8"?>
<!-- Generated by org.testng.reporters.JUnitXMLReporter -->
<testsuite hostname="DESKTOP-H9MTPEM" ignored="0" name="Default test" tests="5" failures="0" timestamp="01 Jun 2017 07:53:54 GMT" time="0.139" errors="0">
  <testcase name="user_authenticate" time="0.02" classname="com.test.demo.LoginCheck"/>
  <testcase name="user_authenticate" time="0.001" classname="com.test.demo.LoginCheck"/>
  <testcase name="user_authenticate" time="0.001" classname="com.test.demo.LoginCheck"/>
  <testcase name="user_authenticate" time="0.001" classname="com.test.demo.LoginCheck"/>
  <testcase name="user_authenticate" time="0.001" classname="com.test.demo.LoginCheck"/>
</testsuite> <!-- Default test -->
