<?xml version="1.0" encoding="UTF-8"?>
<testng-results skipped="0" failed="0" ignored="0" total="5" passed="5">
  <reporter-output>
  </reporter-output>
  <suite name="Default suite" duration-ms="139" started-at="2017-06-01T07:53:54Z" finished-at="2017-06-01T07:53:54Z">
    <groups>
    </groups>
    <test name="Default test" duration-ms="139" started-at="2017-06-01T07:53:54Z" finished-at="2017-06-01T07:53:54Z">
      <class name="com.test.demo.LoginCheck">
        <test-method status="PASS" signature="user_authenticate(java.lang.String, java.lang.String, java.lang.String)[pri:0, instance:com.test.demo.LoginCheck@458ad742]" name="user_authenticate" duration-ms="20" started-at="2017-06-01T13:23:54Z" data-provider="data" finished-at="2017-06-01T13:23:54Z">
          <params>
            <param index="0">
              <value>
                <![CDATA[admin]]>
              </value>
            </param>
            <param index="1">
              <value>
                <![CDATA[admin123]]>
              </value>
            </param>
            <param index="2">
              <value>
                <![CDATA[Success]]>
              </value>
            </param>
          </params>
          <reporter-output>
          </reporter-output>
        </test-method> <!-- user_authenticate -->
        <test-method status="PASS" signature="user_authenticate(java.lang.String, java.lang.String, java.lang.String)[pri:0, instance:com.test.demo.LoginCheck@458ad742]" name="user_authenticate" duration-ms="1" started-at="2017-06-01T13:23:54Z" data-provider="data" finished-at="2017-06-01T13:23:54Z">
          <params>
            <param index="0">
              <value>
                <![CDATA[]]>
              </value>
            </param>
            <param index="1">
              <value>
                <![CDATA[admin123]]>
              </value>
            </param>
            <param index="2">
              <value>
                <![CDATA[Failed]]>
              </value>
            </param>
          </params>
          <reporter-output>
          </reporter-output>
        </test-method> <!-- user_authenticate -->
        <test-method status="PASS" signature="user_authenticate(java.lang.String, java.lang.String, java.lang.String)[pri:0, instance:com.test.demo.LoginCheck@458ad742]" name="user_authenticate" duration-ms="1" started-at="2017-06-01T13:23:54Z" data-provider="data" finished-at="2017-06-01T13:23:54Z">
          <params>
            <param index="0">
              <value>
                <![CDATA[admin]]>
              </value>
            </param>
            <param index="1">
              <value>
                <![CDATA[]]>
              </value>
            </param>
            <param index="2">
              <value>
                <![CDATA[Failed]]>
              </value>
            </param>
          </params>
          <reporter-output>
          </reporter-output>
        </test-method> <!-- user_authenticate -->
        <test-method status="PASS" signature="user_authenticate(java.lang.String, java.lang.String, java.lang.String)[pri:0, instance:com.test.demo.LoginCheck@458ad742]" name="user_authenticate" duration-ms="1" started-at="2017-06-01T13:23:54Z" data-provider="data" finished-at="2017-06-01T13:23:54Z">
          <params>
            <param index="0">
              <value>
                <![CDATA[]]>
              </value>
            </param>
            <param index="1">
              <value>
                <![CDATA[]]>
              </value>
            </param>
            <param index="2">
              <value>
                <![CDATA[Failed]]>
              </value>
            </param>
          </params>
          <reporter-output>
          </reporter-output>
        </test-method> <!-- user_authenticate -->
        <test-method status="PASS" signature="user_authenticate(java.lang.String, java.lang.String, java.lang.String)[pri:0, instance:com.test.demo.LoginCheck@458ad742]" name="user_authenticate" duration-ms="1" started-at="2017-06-01T13:23:54Z" data-provider="data" finished-at="2017-06-01T13:23:54Z">
          <params>
            <param index="0">
              <value>
                <![CDATA[asdn]]>
              </value>
            </param>
            <param index="1">
              <value>
                <![CDATA[admin123]]>
              </value>
            </param>
            <param index="2">
              <value>
                <![CDATA[Failed]]>
              </value>
            </param>
          </params>
          <reporter-output>
          </reporter-output>
        </test-method> <!-- user_authenticate -->
      </class> <!-- com.test.demo.LoginCheck -->
    </test> <!-- Default test -->
  </suite> <!-- Default suite -->
</testng-results>
